2022-02-02 09:27:11.373  INFO 6112 --- [main] c.e.s.ServiceGatewayApplication          : Starting ServiceGatewayApplication using Java 1.8.0_281 on DESKTOP-GH47C5B with PID 6112 (C:\Users\Jos Wambugu\Desktop\New folder\projects\spring-cloud\service-gateway\target\classes started by Jos Wambugu in C:\Users\Jos Wambugu\Desktop\New folder\projects\spring-cloud\service-gateway)
2022-02-02 09:27:11.385  INFO 6112 --- [main] c.e.s.ServiceGatewayApplication          : No active profile set, falling back to default profiles: default
2022-02-02 09:27:11.566  INFO 6112 --- [main] o.s.b.context.config.ConfigDataLoader    : Fetching config from server at : http://localhost:9196
2022-02-02 09:27:11.568  INFO 6112 --- [main] o.s.b.context.config.ConfigDataLoader    : Located environment: name=GATEWAY-SERVICE, profiles=[default], label=null, version=6e8638e36340167bc223212df08e0b55c782560a, state=null
2022-02-02 09:27:18.169  INFO 6112 --- [main] o.s.cloud.context.scope.GenericScope     : BeanFactory id=8cc83986-b104-307b-bee7-5b9314bd5f04
2022-02-02 09:27:18.655  INFO 6112 --- [main] trationDelegate$BeanPostProcessorChecker : Bean 'org.springframework.cloud.client.loadbalancer.reactive.LoadBalancerBeanPostProcessorAutoConfiguration' of type [org.springframework.cloud.client.loadbalancer.reactive.LoadBalancerBeanPostProcessorAutoConfiguration] is not eligible for getting processed by all BeanPostProcessors (for example: not eligible for auto-proxying)
2022-02-02 09:27:18.663  INFO 6112 --- [main] trationDelegate$BeanPostProcessorChecker : Bean 'org.springframework.cloud.client.loadbalancer.reactive.LoadBalancerBeanPostProcessorAutoConfiguration$ReactorDeferringLoadBalancerFilterConfig' of type [org.springframework.cloud.client.loadbalancer.reactive.LoadBalancerBeanPostProcessorAutoConfiguration$ReactorDeferringLoadBalancerFilterConfig] is not eligible for getting processed by all BeanPostProcessors (for example: not eligible for auto-proxying)
2022-02-02 09:27:18.721  INFO 6112 --- [main] trationDelegate$BeanPostProcessorChecker : Bean 'reactorDeferringLoadBalancerExchangeFilterFunction' of type [org.springframework.cloud.client.loadbalancer.reactive.DeferringLoadBalancerExchangeFilterFunction] is not eligible for getting processed by all BeanPostProcessors (for example: not eligible for auto-proxying)
2022-02-02 09:27:24.596  INFO 6112 --- [main] o.s.cloud.commons.util.InetUtils         : Cannot determine local hostname
2022-02-02 09:27:29.775  INFO 6112 --- [main] o.s.c.g.r.RouteDefinitionRouteLocator    : Loaded RoutePredicateFactory [After]
2022-02-02 09:27:29.944  INFO 6112 --- [main] o.s.c.g.r.RouteDefinitionRouteLocator    : Loaded RoutePredicateFactory [Before]
2022-02-02 09:27:30.156  INFO 6112 --- [main] o.s.c.g.r.RouteDefinitionRouteLocator    : Loaded RoutePredicateFactory [Between]
2022-02-02 09:27:30.325  INFO 6112 --- [main] o.s.c.g.r.RouteDefinitionRouteLocator    : Loaded RoutePredicateFactory [Cookie]
2022-02-02 09:27:30.797  INFO 6112 --- [main] o.s.c.g.r.RouteDefinitionRouteLocator    : Loaded RoutePredicateFactory [Header]
2022-02-02 09:27:30.930  INFO 6112 --- [main] o.s.c.g.r.RouteDefinitionRouteLocator    : Loaded RoutePredicateFactory [Host]
2022-02-02 09:27:31.302  INFO 6112 --- [main] o.s.c.g.r.RouteDefinitionRouteLocator    : Loaded RoutePredicateFactory [Method]
2022-02-02 09:27:31.567  INFO 6112 --- [main] o.s.c.g.r.RouteDefinitionRouteLocator    : Loaded RoutePredicateFactory [Path]
2022-02-02 09:27:31.671  INFO 6112 --- [main] o.s.c.g.r.RouteDefinitionRouteLocator    : Loaded RoutePredicateFactory [Query]
2022-02-02 09:27:31.926  INFO 6112 --- [main] o.s.c.g.r.RouteDefinitionRouteLocator    : Loaded RoutePredicateFactory [ReadBody]
2022-02-02 09:27:31.944  INFO 6112 --- [main] o.s.c.g.r.RouteDefinitionRouteLocator    : Loaded RoutePredicateFactory [RemoteAddr]
2022-02-02 09:27:31.967  INFO 6112 --- [main] o.s.c.g.r.RouteDefinitionRouteLocator    : Loaded RoutePredicateFactory [Weight]
2022-02-02 09:27:31.982  INFO 6112 --- [main] o.s.c.g.r.RouteDefinitionRouteLocator    : Loaded RoutePredicateFactory [CloudFoundryRouteService]
2022-02-02 09:27:35.692  INFO 6112 --- [main] o.s.cloud.commons.util.InetUtils         : Cannot determine local hostname
2022-02-02 09:27:38.952  INFO 6112 --- [main] o.s.cloud.commons.util.InetUtils         : Cannot determine local hostname
2022-02-02 09:27:40.530  INFO 6112 --- [main] o.s.b.a.e.web.EndpointLinksResolver      : Exposing 28 endpoint(s) beneath base path '/actuator'
2022-02-02 09:27:42.787  INFO 6112 --- [main] DiscoveryClientOptionalArgsConfiguration : Eureka HTTP Client uses RestTemplate.
2022-02-02 09:27:43.238  WARN 6112 --- [main] iguration$LoadBalancerCaffeineWarnLogger : Spring Cloud LoadBalancer is currently working with the default cache. You can switch to using Caffeine cache, by adding it and org.springframework.cache.caffeine.CaffeineCacheManager to the classpath.
2022-02-02 09:27:43.446  INFO 6112 --- [main] o.s.c.n.eureka.InstanceInfoFactory       : Setting initial instance status as: STARTING
2022-02-02 09:27:44.083  INFO 6112 --- [main] com.netflix.discovery.DiscoveryClient    : Initializing Eureka in region us-east-1
2022-02-02 09:27:44.134  INFO 6112 --- [main] c.n.d.s.r.aws.ConfigClusterResolver      : Resolving eureka endpoints via configuration
2022-02-02 09:27:44.355  INFO 6112 --- [main] com.netflix.discovery.DiscoveryClient    : Disable delta property : false
2022-02-02 09:27:44.467  INFO 6112 --- [main] com.netflix.discovery.DiscoveryClient    : Single vip registry refresh property : null
2022-02-02 09:27:44.557  INFO 6112 --- [main] com.netflix.discovery.DiscoveryClient    : Force full registry fetch : false
2022-02-02 09:27:44.639  INFO 6112 --- [main] com.netflix.discovery.DiscoveryClient    : Application is null : false
2022-02-02 09:27:44.812  INFO 6112 --- [main] com.netflix.discovery.DiscoveryClient    : Registered Applications size is zero : true
2022-02-02 09:27:44.863  INFO 6112 --- [main] com.netflix.discovery.DiscoveryClient    : Application version is -1: true
2022-02-02 09:27:44.877  INFO 6112 --- [main] com.netflix.discovery.DiscoveryClient    : Getting all instance registry info from the eureka server
2022-02-02 09:27:48.261  INFO 6112 --- [main] com.netflix.discovery.DiscoveryClient    : The response status is 200
2022-02-02 09:27:48.275  INFO 6112 --- [main] com.netflix.discovery.DiscoveryClient    : Starting heartbeat executor: renew interval is: 30
2022-02-02 09:27:48.290  INFO 6112 --- [main] c.n.discovery.InstanceInfoReplicator     : InstanceInfoReplicator onDemand update allowed rate per min is 4
2022-02-02 09:27:48.318  INFO 6112 --- [main] com.netflix.discovery.DiscoveryClient    : Discovery Client initialized at timestamp 1643783268314 with initial instances count: 1
2022-02-02 09:27:48.328  INFO 6112 --- [main] o.s.c.n.e.s.EurekaServiceRegistry        : Registering application GATEWAY-SERVICE with eureka with status UP
2022-02-02 09:27:48.334  INFO 6112 --- [main] com.netflix.discovery.DiscoveryClient    : Saw local status change event StatusChangeEvent [timestamp=1643783268334, current=UP, previous=STARTING]
2022-02-02 09:27:48.527  INFO 6112 --- [DiscoveryClient-InstanceInfoReplicator-0] com.netflix.discovery.DiscoveryClient    : DiscoveryClient_GATEWAY-SERVICE/localhost:GATEWAY-SERVICE:8080: registering service...
2022-02-02 09:27:49.205  INFO 6112 --- [DiscoveryClient-InstanceInfoReplicator-0] com.netflix.discovery.DiscoveryClient    : DiscoveryClient_GATEWAY-SERVICE/localhost:GATEWAY-SERVICE:8080 - registration status: 204
2022-02-02 09:27:50.342  INFO 6112 --- [main] o.s.b.web.embedded.netty.NettyWebServer  : Netty started on port 8080
2022-02-02 09:27:50.342  INFO 6112 --- [main] .s.c.n.e.s.EurekaAutoServiceRegistration : Updating port to 8080
2022-02-02 09:27:51.994  INFO 6112 --- [main] o.s.cloud.commons.util.InetUtils         : Cannot determine local hostname
2022-02-02 09:27:56.056  INFO 6112 --- [main] o.s.cloud.commons.util.InetUtils         : Cannot determine local hostname
2022-02-02 09:27:56.150  INFO 6112 --- [main] c.e.s.ServiceGatewayApplication          : Started ServiceGatewayApplication in 62.254 seconds (JVM running for 64.649)
2022-02-02 09:32:44.944  INFO 6112 --- [AsyncResolver-bootstrap-executor-0] c.n.d.s.r.aws.ConfigClusterResolver      : Resolving eureka endpoints via configuration
2022-02-02 09:37:44.998  INFO 6112 --- [AsyncResolver-bootstrap-executor-0] c.n.d.s.r.aws.ConfigClusterResolver      : Resolving eureka endpoints via configuration
2022-02-02 09:42:45.856  INFO 6112 --- [AsyncResolver-bootstrap-executor-0] c.n.d.s.r.aws.ConfigClusterResolver      : Resolving eureka endpoints via configuration
2022-02-02 09:47:46.955  INFO 6112 --- [AsyncResolver-bootstrap-executor-0] c.n.d.s.r.aws.ConfigClusterResolver      : Resolving eureka endpoints via configuration
2022-02-02 09:52:47.252  INFO 6112 --- [AsyncResolver-bootstrap-executor-0] c.n.d.s.r.aws.ConfigClusterResolver      : Resolving eureka endpoints via configuration
2022-02-02 09:57:47.291  INFO 6112 --- [AsyncResolver-bootstrap-executor-0] c.n.d.s.r.aws.ConfigClusterResolver      : Resolving eureka endpoints via configuration
2022-02-02 10:02:47.330  INFO 6112 --- [AsyncResolver-bootstrap-executor-0] c.n.d.s.r.aws.ConfigClusterResolver      : Resolving eureka endpoints via configuration
2022-02-02 10:07:47.720  INFO 6112 --- [AsyncResolver-bootstrap-executor-0] c.n.d.s.r.aws.ConfigClusterResolver      : Resolving eureka endpoints via configuration
2022-02-02 10:12:47.792  INFO 6112 --- [AsyncResolver-bootstrap-executor-0] c.n.d.s.r.aws.ConfigClusterResolver      : Resolving eureka endpoints via configuration
2022-02-02 10:17:47.806  INFO 6112 --- [AsyncResolver-bootstrap-executor-0] c.n.d.s.r.aws.ConfigClusterResolver      : Resolving eureka endpoints via configuration
2022-02-02 10:22:49.476  INFO 6112 --- [AsyncResolver-bootstrap-executor-0] c.n.d.s.r.aws.ConfigClusterResolver      : Resolving eureka endpoints via configuration
2022-02-02 10:27:49.525  INFO 6112 --- [AsyncResolver-bootstrap-executor-0] c.n.d.s.r.aws.ConfigClusterResolver      : Resolving eureka endpoints via configuration
2022-02-02 10:32:49.574  INFO 6112 --- [AsyncResolver-bootstrap-executor-0] c.n.d.s.r.aws.ConfigClusterResolver      : Resolving eureka endpoints via configuration
2022-02-02 10:36:55.485  WARN 6112 --- [reactor-http-nio-3] o.s.c.l.core.RoundRobinLoadBalancer      : No servers available for service: WEBSERVICE
2022-02-02 10:37:05.346  WARN 6112 --- [reactor-http-nio-3] o.s.c.l.core.RoundRobinLoadBalancer      : No servers available for service: WEBSERVICE
2022-02-02 10:37:49.660  INFO 6112 --- [AsyncResolver-bootstrap-executor-0] c.n.d.s.r.aws.ConfigClusterResolver      : Resolving eureka endpoints via configuration
2022-02-02 10:42:49.717  INFO 6112 --- [AsyncResolver-bootstrap-executor-0] c.n.d.s.r.aws.ConfigClusterResolver      : Resolving eureka endpoints via configuration
2022-02-02 10:47:49.795  INFO 6112 --- [AsyncResolver-bootstrap-executor-0] c.n.d.s.r.aws.ConfigClusterResolver      : Resolving eureka endpoints via configuration
2022-02-02 10:52:49.868  INFO 6112 --- [AsyncResolver-bootstrap-executor-0] c.n.d.s.r.aws.ConfigClusterResolver      : Resolving eureka endpoints via configuration
2022-02-02 10:57:49.964  INFO 6112 --- [AsyncResolver-bootstrap-executor-0] c.n.d.s.r.aws.ConfigClusterResolver      : Resolving eureka endpoints via configuration
2022-02-02 11:02:50.034  INFO 6112 --- [AsyncResolver-bootstrap-executor-0] c.n.d.s.r.aws.ConfigClusterResolver      : Resolving eureka endpoints via configuration
2022-02-02 11:07:50.228  INFO 6112 --- [AsyncResolver-bootstrap-executor-0] c.n.d.s.r.aws.ConfigClusterResolver      : Resolving eureka endpoints via configuration
2022-02-02 11:12:50.280  INFO 6112 --- [AsyncResolver-bootstrap-executor-0] c.n.d.s.r.aws.ConfigClusterResolver      : Resolving eureka endpoints via configuration
2022-02-02 11:17:50.335  INFO 6112 --- [AsyncResolver-bootstrap-executor-0] c.n.d.s.r.aws.ConfigClusterResolver      : Resolving eureka endpoints via configuration
2022-02-02 11:23:00.268  INFO 6112 --- [AsyncResolver-bootstrap-executor-0] c.n.d.s.r.aws.ConfigClusterResolver      : Resolving eureka endpoints via configuration
2022-02-02 11:28:00.276  INFO 6112 --- [AsyncResolver-bootstrap-executor-0] c.n.d.s.r.aws.ConfigClusterResolver      : Resolving eureka endpoints via configuration
2022-02-02 11:33:00.571  INFO 6112 --- [AsyncResolver-bootstrap-executor-0] c.n.d.s.r.aws.ConfigClusterResolver      : Resolving eureka endpoints via configuration
2022-02-02 11:38:00.891  INFO 6112 --- [AsyncResolver-bootstrap-executor-0] c.n.d.s.r.aws.ConfigClusterResolver      : Resolving eureka endpoints via configuration
2022-02-02 11:43:01.179  INFO 6112 --- [AsyncResolver-bootstrap-executor-0] c.n.d.s.r.aws.ConfigClusterResolver      : Resolving eureka endpoints via configuration
2022-02-02 11:48:01.433  INFO 6112 --- [AsyncResolver-bootstrap-executor-0] c.n.d.s.r.aws.ConfigClusterResolver      : Resolving eureka endpoints via configuration
2022-02-02 11:53:01.470  INFO 6112 --- [AsyncResolver-bootstrap-executor-0] c.n.d.s.r.aws.ConfigClusterResolver      : Resolving eureka endpoints via configuration
2022-02-02 11:58:02.080  INFO 6112 --- [AsyncResolver-bootstrap-executor-0] c.n.d.s.r.aws.ConfigClusterResolver      : Resolving eureka endpoints via configuration
2022-02-02 12:03:02.812  INFO 6112 --- [AsyncResolver-bootstrap-executor-0] c.n.d.s.r.aws.ConfigClusterResolver      : Resolving eureka endpoints via configuration
2022-02-02 12:08:03.702  INFO 6112 --- [AsyncResolver-bootstrap-executor-0] c.n.d.s.r.aws.ConfigClusterResolver      : Resolving eureka endpoints via configuration
2022-02-02 12:13:04.516  INFO 6112 --- [AsyncResolver-bootstrap-executor-0] c.n.d.s.r.aws.ConfigClusterResolver      : Resolving eureka endpoints via configuration
2022-02-02 12:18:05.634  INFO 6112 --- [AsyncResolver-bootstrap-executor-0] c.n.d.s.r.aws.ConfigClusterResolver      : Resolving eureka endpoints via configuration
2022-02-02 12:23:05.854  INFO 6112 --- [AsyncResolver-bootstrap-executor-0] c.n.d.s.r.aws.ConfigClusterResolver      : Resolving eureka endpoints via configuration
2022-02-02 12:28:06.143  INFO 6112 --- [AsyncResolver-bootstrap-executor-0] c.n.d.s.r.aws.ConfigClusterResolver      : Resolving eureka endpoints via configuration
2022-02-02 12:33:06.202  INFO 6112 --- [AsyncResolver-bootstrap-executor-0] c.n.d.s.r.aws.ConfigClusterResolver      : Resolving eureka endpoints via configuration
2022-02-02 12:38:06.255  INFO 6112 --- [AsyncResolver-bootstrap-executor-0] c.n.d.s.r.aws.ConfigClusterResolver      : Resolving eureka endpoints via configuration
2022-02-02 12:43:06.787  INFO 6112 --- [AsyncResolver-bootstrap-executor-0] c.n.d.s.r.aws.ConfigClusterResolver      : Resolving eureka endpoints via configuration
2022-02-02 12:48:06.816  INFO 6112 --- [AsyncResolver-bootstrap-executor-0] c.n.d.s.r.aws.ConfigClusterResolver      : Resolving eureka endpoints via configuration
2022-02-02 12:53:07.435  INFO 6112 --- [AsyncResolver-bootstrap-executor-0] c.n.d.s.r.aws.ConfigClusterResolver      : Resolving eureka endpoints via configuration
2022-02-02 12:58:09.335  INFO 6112 --- [AsyncResolver-bootstrap-executor-0] c.n.d.s.r.aws.ConfigClusterResolver      : Resolving eureka endpoints via configuration
2022-02-02 13:03:13.164  INFO 6112 --- [AsyncResolver-bootstrap-executor-0] c.n.d.s.r.aws.ConfigClusterResolver      : Resolving eureka endpoints via configuration
2022-02-02 13:08:13.177  INFO 6112 --- [AsyncResolver-bootstrap-executor-0] c.n.d.s.r.aws.ConfigClusterResolver      : Resolving eureka endpoints via configuration
2022-02-02 13:13:13.254  INFO 6112 --- [AsyncResolver-bootstrap-executor-0] c.n.d.s.r.aws.ConfigClusterResolver      : Resolving eureka endpoints via configuration
2022-02-02 13:18:13.895  INFO 6112 --- [AsyncResolver-bootstrap-executor-0] c.n.d.s.r.aws.ConfigClusterResolver      : Resolving eureka endpoints via configuration
2022-02-02 13:23:14.156  INFO 6112 --- [AsyncResolver-bootstrap-executor-0] c.n.d.s.r.aws.ConfigClusterResolver      : Resolving eureka endpoints via configuration
2022-02-02 13:28:14.170  INFO 6112 --- [AsyncResolver-bootstrap-executor-0] c.n.d.s.r.aws.ConfigClusterResolver      : Resolving eureka endpoints via configuration
2022-02-02 13:33:14.521  INFO 6112 --- [AsyncResolver-bootstrap-executor-0] c.n.d.s.r.aws.ConfigClusterResolver      : Resolving eureka endpoints via configuration
2022-02-02 13:38:15.652  INFO 6112 --- [AsyncResolver-bootstrap-executor-0] c.n.d.s.r.aws.ConfigClusterResolver      : Resolving eureka endpoints via configuration
2022-02-02 13:43:15.656  INFO 6112 --- [AsyncResolver-bootstrap-executor-0] c.n.d.s.r.aws.ConfigClusterResolver      : Resolving eureka endpoints via configuration
2022-02-02 13:48:15.740  INFO 6112 --- [AsyncResolver-bootstrap-executor-0] c.n.d.s.r.aws.ConfigClusterResolver      : Resolving eureka endpoints via configuration
2022-02-02 13:53:16.009  INFO 6112 --- [AsyncResolver-bootstrap-executor-0] c.n.d.s.r.aws.ConfigClusterResolver      : Resolving eureka endpoints via configuration
2022-02-02 13:58:16.665  INFO 6112 --- [AsyncResolver-bootstrap-executor-0] c.n.d.s.r.aws.ConfigClusterResolver      : Resolving eureka endpoints via configuration
2022-02-02 14:03:16.703  INFO 6112 --- [AsyncResolver-bootstrap-executor-0] c.n.d.s.r.aws.ConfigClusterResolver      : Resolving eureka endpoints via configuration
2022-02-02 14:08:16.706  INFO 6112 --- [AsyncResolver-bootstrap-executor-0] c.n.d.s.r.aws.ConfigClusterResolver      : Resolving eureka endpoints via configuration
2022-02-02 14:13:16.784  INFO 6112 --- [AsyncResolver-bootstrap-executor-0] c.n.d.s.r.aws.ConfigClusterResolver      : Resolving eureka endpoints via configuration
2022-02-02 14:18:17.618  INFO 6112 --- [AsyncResolver-bootstrap-executor-0] c.n.d.s.r.aws.ConfigClusterResolver      : Resolving eureka endpoints via configuration
2022-02-02 14:23:18.640  INFO 6112 --- [AsyncResolver-bootstrap-executor-0] c.n.d.s.r.aws.ConfigClusterResolver      : Resolving eureka endpoints via configuration
2022-02-02 14:28:19.318  INFO 6112 --- [AsyncResolver-bootstrap-executor-0] c.n.d.s.r.aws.ConfigClusterResolver      : Resolving eureka endpoints via configuration
2022-02-02 14:33:23.204  INFO 6112 --- [AsyncResolver-bootstrap-executor-0] c.n.d.s.r.aws.ConfigClusterResolver      : Resolving eureka endpoints via configuration
2022-02-02 14:38:23.271  INFO 6112 --- [AsyncResolver-bootstrap-executor-0] c.n.d.s.r.aws.ConfigClusterResolver      : Resolving eureka endpoints via configuration
2022-02-02 14:43:24.109  INFO 6112 --- [AsyncResolver-bootstrap-executor-0] c.n.d.s.r.aws.ConfigClusterResolver      : Resolving eureka endpoints via configuration
2022-02-02 14:48:26.866  INFO 6112 --- [AsyncResolver-bootstrap-executor-0] c.n.d.s.r.aws.ConfigClusterResolver      : Resolving eureka endpoints via configuration
2022-02-02 14:53:27.152  INFO 6112 --- [AsyncResolver-bootstrap-executor-0] c.n.d.s.r.aws.ConfigClusterResolver      : Resolving eureka endpoints via configuration
2022-02-02 14:58:28.633  INFO 6112 --- [AsyncResolver-bootstrap-executor-0] c.n.d.s.r.aws.ConfigClusterResolver      : Resolving eureka endpoints via configuration
2022-02-02 15:03:30.228  INFO 6112 --- [AsyncResolver-bootstrap-executor-0] c.n.d.s.r.aws.ConfigClusterResolver      : Resolving eureka endpoints via configuration
2022-02-02 15:08:32.133  INFO 6112 --- [AsyncResolver-bootstrap-executor-0] c.n.d.s.r.aws.ConfigClusterResolver      : Resolving eureka endpoints via configuration
2022-02-02 15:13:32.474  INFO 6112 --- [AsyncResolver-bootstrap-executor-0] c.n.d.s.r.aws.ConfigClusterResolver      : Resolving eureka endpoints via configuration
2022-02-02 15:18:35.996  INFO 6112 --- [AsyncResolver-bootstrap-executor-0] c.n.d.s.r.aws.ConfigClusterResolver      : Resolving eureka endpoints via configuration
2022-02-02 15:23:40.505  INFO 6112 --- [AsyncResolver-bootstrap-executor-0] c.n.d.s.r.aws.ConfigClusterResolver      : Resolving eureka endpoints via configuration
2022-02-02 15:28:44.624  INFO 6112 --- [AsyncResolver-bootstrap-executor-0] c.n.d.s.r.aws.ConfigClusterResolver      : Resolving eureka endpoints via configuration
2022-02-02 15:33:44.694  INFO 6112 --- [AsyncResolver-bootstrap-executor-0] c.n.d.s.r.aws.ConfigClusterResolver      : Resolving eureka endpoints via configuration
2022-02-02 15:38:44.761  INFO 6112 --- [AsyncResolver-bootstrap-executor-0] c.n.d.s.r.aws.ConfigClusterResolver      : Resolving eureka endpoints via configuration
2022-02-02 15:43:44.832  INFO 6112 --- [AsyncResolver-bootstrap-executor-0] c.n.d.s.r.aws.ConfigClusterResolver      : Resolving eureka endpoints via configuration
2022-02-02 15:48:44.967  INFO 6112 --- [AsyncResolver-bootstrap-executor-0] c.n.d.s.r.aws.ConfigClusterResolver      : Resolving eureka endpoints via configuration
2022-02-02 15:53:44.986  INFO 6112 --- [AsyncResolver-bootstrap-executor-0] c.n.d.s.r.aws.ConfigClusterResolver      : Resolving eureka endpoints via configuration
2022-02-02 15:58:45.058  INFO 6112 --- [AsyncResolver-bootstrap-executor-0] c.n.d.s.r.aws.ConfigClusterResolver      : Resolving eureka endpoints via configuration
2022-02-02 16:03:45.876  INFO 6112 --- [AsyncResolver-bootstrap-executor-0] c.n.d.s.r.aws.ConfigClusterResolver      : Resolving eureka endpoints via configuration
2022-02-02 16:08:47.384  INFO 6112 --- [AsyncResolver-bootstrap-executor-0] c.n.d.s.r.aws.ConfigClusterResolver      : Resolving eureka endpoints via configuration
2022-02-02 16:13:47.409  INFO 6112 --- [AsyncResolver-bootstrap-executor-0] c.n.d.s.r.aws.ConfigClusterResolver      : Resolving eureka endpoints via configuration
2022-02-02 16:18:47.429  INFO 6112 --- [AsyncResolver-bootstrap-executor-0] c.n.d.s.r.aws.ConfigClusterResolver      : Resolving eureka endpoints via configuration
2022-02-02 16:23:47.806  INFO 6112 --- [AsyncResolver-bootstrap-executor-0] c.n.d.s.r.aws.ConfigClusterResolver      : Resolving eureka endpoints via configuration
2022-02-02 16:28:49.339  INFO 6112 --- [AsyncResolver-bootstrap-executor-0] c.n.d.s.r.aws.ConfigClusterResolver      : Resolving eureka endpoints via configuration
2022-02-02 16:33:52.549  INFO 6112 --- [AsyncResolver-bootstrap-executor-0] c.n.d.s.r.aws.ConfigClusterResolver      : Resolving eureka endpoints via configuration
2022-02-02 16:38:52.861  INFO 6112 --- [AsyncResolver-bootstrap-executor-0] c.n.d.s.r.aws.ConfigClusterResolver      : Resolving eureka endpoints via configuration
2022-02-02 16:43:54.719  INFO 6112 --- [AsyncResolver-bootstrap-executor-0] c.n.d.s.r.aws.ConfigClusterResolver      : Resolving eureka endpoints via configuration
2022-02-02 16:48:57.015  INFO 6112 --- [AsyncResolver-bootstrap-executor-0] c.n.d.s.r.aws.ConfigClusterResolver      : Resolving eureka endpoints via configuration
2022-02-02 16:53:59.327  INFO 6112 --- [AsyncResolver-bootstrap-executor-0] c.n.d.s.r.aws.ConfigClusterResolver      : Resolving eureka endpoints via configuration
2022-02-02 16:59:02.882  INFO 6112 --- [AsyncResolver-bootstrap-executor-0] c.n.d.s.r.aws.ConfigClusterResolver      : Resolving eureka endpoints via configuration
2022-02-02 17:04:06.937  INFO 6112 --- [AsyncResolver-bootstrap-executor-0] c.n.d.s.r.aws.ConfigClusterResolver      : Resolving eureka endpoints via configuration
2022-02-02 17:09:09.027  INFO 6112 --- [AsyncResolver-bootstrap-executor-0] c.n.d.s.r.aws.ConfigClusterResolver      : Resolving eureka endpoints via configuration
2022-02-02 17:14:09.703  INFO 6112 --- [AsyncResolver-bootstrap-executor-0] c.n.d.s.r.aws.ConfigClusterResolver      : Resolving eureka endpoints via configuration
2022-02-02 17:19:12.391  INFO 6112 --- [AsyncResolver-bootstrap-executor-0] c.n.d.s.r.aws.ConfigClusterResolver      : Resolving eureka endpoints via configuration
2022-02-02 17:24:15.602  INFO 6112 --- [AsyncResolver-bootstrap-executor-0] c.n.d.s.r.aws.ConfigClusterResolver      : Resolving eureka endpoints via configuration
2022-02-02 17:29:18.458  INFO 6112 --- [AsyncResolver-bootstrap-executor-0] c.n.d.s.r.aws.ConfigClusterResolver      : Resolving eureka endpoints via configuration
2022-02-02 17:31:13.007  WARN 6112 --- [DiscoveryClient-0] c.netflix.discovery.TimedSupervisorTask  : task supervisor timed out

java.util.concurrent.TimeoutException: null
	at java.util.concurrent.FutureTask.get(FutureTask.java:205) [na:1.8.0_281]
	at com.netflix.discovery.TimedSupervisorTask.run(TimedSupervisorTask.java:68) ~[eureka-client-1.10.17.jar:1.10.17]
	at java.util.concurrent.Executors$RunnableAdapter.call(Executors.java:511) [na:1.8.0_281]
	at java.util.concurrent.FutureTask.run(FutureTask.java:266) [na:1.8.0_281]
	at java.util.concurrent.ScheduledThreadPoolExecutor$ScheduledFutureTask.access$201(ScheduledThreadPoolExecutor.java:180) [na:1.8.0_281]
	at java.util.concurrent.ScheduledThreadPoolExecutor$ScheduledFutureTask.run(ScheduledThreadPoolExecutor.java:293) [na:1.8.0_281]
	at java.util.concurrent.ThreadPoolExecutor.runWorker(ThreadPoolExecutor.java:1149) [na:1.8.0_281]
	at java.util.concurrent.ThreadPoolExecutor$Worker.run(ThreadPoolExecutor.java:624) [na:1.8.0_281]
	at java.lang.Thread.run(Thread.java:748) [na:1.8.0_281]

2022-02-02 17:34:20.059  INFO 6112 --- [AsyncResolver-bootstrap-executor-0] c.n.d.s.r.aws.ConfigClusterResolver      : Resolving eureka endpoints via configuration
