2022-02-02 09:28:51.740  INFO 5260 --- [main] c.e.clouddemo.CloudDemoApplication       : Starting CloudDemoApplication using Java 1.8.0_281 on DESKTOP-GH47C5B with PID 5260 (C:\Users\Jos Wambugu\Desktop\New folder\projects\spring-cloud\greetings\target\classes started by Jos Wambugu in C:\Users\Jos Wambugu\Desktop\New folder\projects\spring-cloud\greetings)
2022-02-02 09:28:51.759  INFO 5260 --- [main] c.e.clouddemo.CloudDemoApplication       : No active profile set, falling back to default profiles: default
2022-02-02 09:28:52.099  INFO 5260 --- [main] o.s.b.context.config.ConfigDataLoader    : Fetching config from server at : http://localhost:9196
2022-02-02 09:28:52.099  INFO 5260 --- [main] o.s.b.context.config.ConfigDataLoader    : Located environment: name=GREETINGSERVICE, profiles=[default], label=null, version=6e8638e36340167bc223212df08e0b55c782560a, state=null
2022-02-02 09:29:00.478  INFO 5260 --- [main] o.s.cloud.context.scope.GenericScope     : BeanFactory id=3f118632-8a08-3939-8b89-7650b586a2ac
2022-02-02 09:29:13.753  INFO 5260 --- [main] o.s.b.w.embedded.tomcat.TomcatWebServer  : Tomcat initialized with port(s): 8000 (http)
2022-02-02 09:29:13.962  INFO 5260 --- [main] o.apache.catalina.core.StandardService   : Starting service [Tomcat]
2022-02-02 09:29:13.970  INFO 5260 --- [main] org.apache.catalina.core.StandardEngine  : Starting Servlet engine: [Apache Tomcat/9.0.56]
2022-02-02 09:29:15.013  INFO 5260 --- [main] o.a.c.c.C.[.[.[/greeting-service]        : Initializing Spring embedded WebApplicationContext
2022-02-02 09:29:15.037  INFO 5260 --- [main] w.s.c.ServletWebServerApplicationContext : Root WebApplicationContext: initialization completed in 22905 ms
2022-02-02 09:29:19.984  INFO 5260 --- [main] o.s.cloud.commons.util.InetUtils         : Cannot determine local hostname
2022-02-02 09:29:20.318  INFO 5260 --- [main] DiscoveryClientOptionalArgsConfiguration : Eureka HTTP Client uses RestTemplate.
2022-02-02 09:29:22.390  INFO 5260 --- [main] o.s.cloud.commons.util.InetUtils         : Cannot determine local hostname
2022-02-02 09:29:22.989  WARN 5260 --- [main] iguration$LoadBalancerCaffeineWarnLogger : Spring Cloud LoadBalancer is currently working with the default cache. You can switch to using Caffeine cache, by adding it and org.springframework.cache.caffeine.CaffeineCacheManager to the classpath.
2022-02-02 09:29:23.190  INFO 5260 --- [main] o.s.c.n.eureka.InstanceInfoFactory       : Setting initial instance status as: STARTING
2022-02-02 09:29:23.967  INFO 5260 --- [main] com.netflix.discovery.DiscoveryClient    : Initializing Eureka in region us-east-1
2022-02-02 09:29:24.151  INFO 5260 --- [main] c.n.d.s.r.aws.ConfigClusterResolver      : Resolving eureka endpoints via configuration
2022-02-02 09:29:24.386  INFO 5260 --- [main] com.netflix.discovery.DiscoveryClient    : Disable delta property : false
2022-02-02 09:29:24.389  INFO 5260 --- [main] com.netflix.discovery.DiscoveryClient    : Single vip registry refresh property : null
2022-02-02 09:29:24.390  INFO 5260 --- [main] com.netflix.discovery.DiscoveryClient    : Force full registry fetch : false
2022-02-02 09:29:24.391  INFO 5260 --- [main] com.netflix.discovery.DiscoveryClient    : Application is null : false
2022-02-02 09:29:24.393  INFO 5260 --- [main] com.netflix.discovery.DiscoveryClient    : Registered Applications size is zero : true
2022-02-02 09:29:24.394  INFO 5260 --- [main] com.netflix.discovery.DiscoveryClient    : Application version is -1: true
2022-02-02 09:29:24.395  INFO 5260 --- [main] com.netflix.discovery.DiscoveryClient    : Getting all instance registry info from the eureka server
2022-02-02 09:29:29.038  INFO 5260 --- [main] com.netflix.discovery.DiscoveryClient    : The response status is 200
2022-02-02 09:29:29.104  INFO 5260 --- [main] com.netflix.discovery.DiscoveryClient    : Starting heartbeat executor: renew interval is: 30
2022-02-02 09:29:29.160  INFO 5260 --- [main] c.n.discovery.InstanceInfoReplicator     : InstanceInfoReplicator onDemand update allowed rate per min is 4
2022-02-02 09:29:29.236  INFO 5260 --- [main] com.netflix.discovery.DiscoveryClient    : Discovery Client initialized at timestamp 1643783369230 with initial instances count: 2
2022-02-02 09:29:29.271  INFO 5260 --- [main] o.s.c.n.e.s.EurekaServiceRegistry        : Registering application GREETINGSERVICE with eureka with status UP
2022-02-02 09:29:29.276  INFO 5260 --- [main] com.netflix.discovery.DiscoveryClient    : Saw local status change event StatusChangeEvent [timestamp=1643783369276, current=UP, previous=STARTING]
2022-02-02 09:29:29.295  INFO 5260 --- [DiscoveryClient-InstanceInfoReplicator-0] com.netflix.discovery.DiscoveryClient    : DiscoveryClient_GREETINGSERVICE/localhost:GREETINGSERVICE:8000: registering service...
2022-02-02 09:29:29.609  INFO 5260 --- [main] o.s.b.w.embedded.tomcat.TomcatWebServer  : Tomcat started on port(s): 8000 (http) with context path '/greeting-service'
2022-02-02 09:29:29.703  INFO 5260 --- [main] .s.c.n.e.s.EurekaAutoServiceRegistration : Updating port to 8000
2022-02-02 09:29:29.774  INFO 5260 --- [DiscoveryClient-InstanceInfoReplicator-0] com.netflix.discovery.DiscoveryClient    : DiscoveryClient_GREETINGSERVICE/localhost:GREETINGSERVICE:8000 - registration status: 204
2022-02-02 09:29:31.432  INFO 5260 --- [main] o.s.cloud.commons.util.InetUtils         : Cannot determine local hostname
2022-02-02 09:29:31.510  INFO 5260 --- [main] c.e.clouddemo.CloudDemoApplication       : Started CloudDemoApplication in 56.989 seconds (JVM running for 63.646)
2022-02-02 09:32:02.231  INFO 5260 --- [http-nio-8000-exec-1] o.a.c.c.C.[.[.[/greeting-service]        : Initializing Spring DispatcherServlet 'dispatcherServlet'
2022-02-02 09:32:02.301  INFO 5260 --- [http-nio-8000-exec-1] o.s.web.servlet.DispatcherServlet        : Initializing Servlet 'dispatcherServlet'
2022-02-02 09:32:02.308  INFO 5260 --- [http-nio-8000-exec-1] o.s.web.servlet.DispatcherServlet        : Completed initialization in 4 ms
2022-02-02 09:32:02.779  INFO 5260 --- [http-nio-8000-exec-1] c.example.clouddemo.GreetingsController  : Language Code: en-GB
2022-02-02 09:32:02.780  INFO 5260 --- [http-nio-8000-exec-1] c.example.clouddemo.GreetingsController  : Greeting: helloooooo
2022-02-02 09:34:24.410  INFO 5260 --- [AsyncResolver-bootstrap-executor-0] c.n.d.s.r.aws.ConfigClusterResolver      : Resolving eureka endpoints via configuration
2022-02-02 09:39:24.464  INFO 5260 --- [AsyncResolver-bootstrap-executor-0] c.n.d.s.r.aws.ConfigClusterResolver      : Resolving eureka endpoints via configuration
2022-02-02 09:44:24.616  INFO 5260 --- [AsyncResolver-bootstrap-executor-0] c.n.d.s.r.aws.ConfigClusterResolver      : Resolving eureka endpoints via configuration
2022-02-02 09:49:24.683  INFO 5260 --- [AsyncResolver-bootstrap-executor-0] c.n.d.s.r.aws.ConfigClusterResolver      : Resolving eureka endpoints via configuration
2022-02-02 09:54:25.045  INFO 5260 --- [AsyncResolver-bootstrap-executor-0] c.n.d.s.r.aws.ConfigClusterResolver      : Resolving eureka endpoints via configuration
2022-02-02 09:59:25.105  INFO 5260 --- [AsyncResolver-bootstrap-executor-0] c.n.d.s.r.aws.ConfigClusterResolver      : Resolving eureka endpoints via configuration
2022-02-02 10:04:25.250  INFO 5260 --- [AsyncResolver-bootstrap-executor-0] c.n.d.s.r.aws.ConfigClusterResolver      : Resolving eureka endpoints via configuration
2022-02-02 10:09:25.286  INFO 5260 --- [AsyncResolver-bootstrap-executor-0] c.n.d.s.r.aws.ConfigClusterResolver      : Resolving eureka endpoints via configuration
2022-02-02 10:14:25.352  INFO 5260 --- [AsyncResolver-bootstrap-executor-0] c.n.d.s.r.aws.ConfigClusterResolver      : Resolving eureka endpoints via configuration
2022-02-02 10:19:25.380  INFO 5260 --- [AsyncResolver-bootstrap-executor-0] c.n.d.s.r.aws.ConfigClusterResolver      : Resolving eureka endpoints via configuration
2022-02-02 10:24:25.497  INFO 5260 --- [AsyncResolver-bootstrap-executor-0] c.n.d.s.r.aws.ConfigClusterResolver      : Resolving eureka endpoints via configuration
2022-02-02 10:29:25.546  INFO 5260 --- [AsyncResolver-bootstrap-executor-0] c.n.d.s.r.aws.ConfigClusterResolver      : Resolving eureka endpoints via configuration
2022-02-02 10:34:25.566  INFO 5260 --- [AsyncResolver-bootstrap-executor-0] c.n.d.s.r.aws.ConfigClusterResolver      : Resolving eureka endpoints via configuration
2022-02-02 10:39:25.598  INFO 5260 --- [AsyncResolver-bootstrap-executor-0] c.n.d.s.r.aws.ConfigClusterResolver      : Resolving eureka endpoints via configuration
2022-02-02 10:44:25.885  INFO 5260 --- [AsyncResolver-bootstrap-executor-0] c.n.d.s.r.aws.ConfigClusterResolver      : Resolving eureka endpoints via configuration
2022-02-02 10:49:26.013  INFO 5260 --- [AsyncResolver-bootstrap-executor-0] c.n.d.s.r.aws.ConfigClusterResolver      : Resolving eureka endpoints via configuration
2022-02-02 10:54:26.181  INFO 5260 --- [AsyncResolver-bootstrap-executor-0] c.n.d.s.r.aws.ConfigClusterResolver      : Resolving eureka endpoints via configuration
2022-02-02 10:59:26.506  INFO 5260 --- [AsyncResolver-bootstrap-executor-0] c.n.d.s.r.aws.ConfigClusterResolver      : Resolving eureka endpoints via configuration
2022-02-02 11:04:26.680  INFO 5260 --- [AsyncResolver-bootstrap-executor-0] c.n.d.s.r.aws.ConfigClusterResolver      : Resolving eureka endpoints via configuration
2022-02-02 11:09:27.252  INFO 5260 --- [AsyncResolver-bootstrap-executor-0] c.n.d.s.r.aws.ConfigClusterResolver      : Resolving eureka endpoints via configuration
2022-02-02 11:13:12.519  INFO 5260 --- [http-nio-8000-exec-3] c.example.clouddemo.GreetingsController  : Language Code: en-GB
2022-02-02 11:13:12.564  INFO 5260 --- [http-nio-8000-exec-3] c.example.clouddemo.GreetingsController  : Greeting: helloooooo
2022-02-02 11:14:27.294  INFO 5260 --- [AsyncResolver-bootstrap-executor-0] c.n.d.s.r.aws.ConfigClusterResolver      : Resolving eureka endpoints via configuration
2022-02-02 11:19:27.389  INFO 5260 --- [AsyncResolver-bootstrap-executor-0] c.n.d.s.r.aws.ConfigClusterResolver      : Resolving eureka endpoints via configuration
2022-02-02 11:24:30.886  INFO 5260 --- [AsyncResolver-bootstrap-executor-0] c.n.d.s.r.aws.ConfigClusterResolver      : Resolving eureka endpoints via configuration
2022-02-02 11:29:31.351  INFO 5260 --- [AsyncResolver-bootstrap-executor-0] c.n.d.s.r.aws.ConfigClusterResolver      : Resolving eureka endpoints via configuration
2022-02-02 11:32:13.912  WARN 5260 --- [DiscoveryClient-0] c.netflix.discovery.TimedSupervisorTask  : task supervisor timed out

java.util.concurrent.TimeoutException: null
	at java.util.concurrent.FutureTask.get(FutureTask.java:205) [na:1.8.0_281]
	at com.netflix.discovery.TimedSupervisorTask.run(TimedSupervisorTask.java:68) ~[eureka-client-1.10.17.jar:1.10.17]
	at java.util.concurrent.Executors$RunnableAdapter.call(Executors.java:511) [na:1.8.0_281]
	at java.util.concurrent.FutureTask.run(FutureTask.java:266) [na:1.8.0_281]
	at java.util.concurrent.ScheduledThreadPoolExecutor$ScheduledFutureTask.access$201(ScheduledThreadPoolExecutor.java:180) [na:1.8.0_281]
	at java.util.concurrent.ScheduledThreadPoolExecutor$ScheduledFutureTask.run(ScheduledThreadPoolExecutor.java:293) [na:1.8.0_281]
	at java.util.concurrent.ThreadPoolExecutor.runWorker(ThreadPoolExecutor.java:1149) [na:1.8.0_281]
	at java.util.concurrent.ThreadPoolExecutor$Worker.run(ThreadPoolExecutor.java:624) [na:1.8.0_281]
	at java.lang.Thread.run(Thread.java:748) [na:1.8.0_281]

2022-02-02 11:34:31.548  INFO 5260 --- [AsyncResolver-bootstrap-executor-0] c.n.d.s.r.aws.ConfigClusterResolver      : Resolving eureka endpoints via configuration
2022-02-02 11:39:31.710  INFO 5260 --- [AsyncResolver-bootstrap-executor-0] c.n.d.s.r.aws.ConfigClusterResolver      : Resolving eureka endpoints via configuration
2022-02-02 11:44:31.735  INFO 5260 --- [AsyncResolver-bootstrap-executor-0] c.n.d.s.r.aws.ConfigClusterResolver      : Resolving eureka endpoints via configuration
2022-02-02 11:49:31.796  INFO 5260 --- [AsyncResolver-bootstrap-executor-0] c.n.d.s.r.aws.ConfigClusterResolver      : Resolving eureka endpoints via configuration
2022-02-02 11:54:31.980  INFO 5260 --- [AsyncResolver-bootstrap-executor-0] c.n.d.s.r.aws.ConfigClusterResolver      : Resolving eureka endpoints via configuration
2022-02-02 11:59:32.562  INFO 5260 --- [AsyncResolver-bootstrap-executor-0] c.n.d.s.r.aws.ConfigClusterResolver      : Resolving eureka endpoints via configuration
2022-02-02 12:04:33.055  INFO 5260 --- [AsyncResolver-bootstrap-executor-0] c.n.d.s.r.aws.ConfigClusterResolver      : Resolving eureka endpoints via configuration
2022-02-02 12:09:33.549  INFO 5260 --- [AsyncResolver-bootstrap-executor-0] c.n.d.s.r.aws.ConfigClusterResolver      : Resolving eureka endpoints via configuration
2022-02-02 12:14:39.663  INFO 5260 --- [AsyncResolver-bootstrap-executor-0] c.n.d.s.r.aws.ConfigClusterResolver      : Resolving eureka endpoints via configuration
2022-02-02 12:19:54.600  INFO 5260 --- [AsyncResolver-bootstrap-executor-0] c.n.d.s.r.aws.ConfigClusterResolver      : Resolving eureka endpoints via configuration
2022-02-02 12:24:54.642  INFO 5260 --- [AsyncResolver-bootstrap-executor-0] c.n.d.s.r.aws.ConfigClusterResolver      : Resolving eureka endpoints via configuration
2022-02-02 12:29:55.117  INFO 5260 --- [AsyncResolver-bootstrap-executor-0] c.n.d.s.r.aws.ConfigClusterResolver      : Resolving eureka endpoints via configuration
2022-02-02 12:34:59.992  INFO 5260 --- [AsyncResolver-bootstrap-executor-0] c.n.d.s.r.aws.ConfigClusterResolver      : Resolving eureka endpoints via configuration
2022-02-02 12:40:14.709  INFO 5260 --- [AsyncResolver-bootstrap-executor-0] c.n.d.s.r.aws.ConfigClusterResolver      : Resolving eureka endpoints via configuration
2022-02-02 12:45:23.777  INFO 5260 --- [AsyncResolver-bootstrap-executor-0] c.n.d.s.r.aws.ConfigClusterResolver      : Resolving eureka endpoints via configuration
2022-02-02 12:50:34.734  INFO 5260 --- [AsyncResolver-bootstrap-executor-0] c.n.d.s.r.aws.ConfigClusterResolver      : Resolving eureka endpoints via configuration
2022-02-02 12:55:43.379  INFO 5260 --- [AsyncResolver-bootstrap-executor-0] c.n.d.s.r.aws.ConfigClusterResolver      : Resolving eureka endpoints via configuration
2022-02-02 12:56:30.071  WARN 5260 --- [DiscoveryClient-1] c.netflix.discovery.TimedSupervisorTask  : task supervisor timed out

java.util.concurrent.TimeoutException: null
	at java.util.concurrent.FutureTask.get(FutureTask.java:205) [na:1.8.0_281]
	at com.netflix.discovery.TimedSupervisorTask.run(TimedSupervisorTask.java:68) ~[eureka-client-1.10.17.jar:1.10.17]
	at java.util.concurrent.Executors$RunnableAdapter.call(Executors.java:511) [na:1.8.0_281]
	at java.util.concurrent.FutureTask.run(FutureTask.java:266) [na:1.8.0_281]
	at java.util.concurrent.ScheduledThreadPoolExecutor$ScheduledFutureTask.access$201(ScheduledThreadPoolExecutor.java:180) [na:1.8.0_281]
	at java.util.concurrent.ScheduledThreadPoolExecutor$ScheduledFutureTask.run(ScheduledThreadPoolExecutor.java:293) [na:1.8.0_281]
	at java.util.concurrent.ThreadPoolExecutor.runWorker(ThreadPoolExecutor.java:1149) [na:1.8.0_281]
	at java.util.concurrent.ThreadPoolExecutor$Worker.run(ThreadPoolExecutor.java:624) [na:1.8.0_281]
	at java.lang.Thread.run(Thread.java:748) [na:1.8.0_281]

2022-02-02 12:56:37.648  WARN 5260 --- [DiscoveryClient-0] c.netflix.discovery.TimedSupervisorTask  : task supervisor timed out

java.util.concurrent.TimeoutException: null
	at java.util.concurrent.FutureTask.get(FutureTask.java:205) [na:1.8.0_281]
	at com.netflix.discovery.TimedSupervisorTask.run(TimedSupervisorTask.java:68) ~[eureka-client-1.10.17.jar:1.10.17]
	at java.util.concurrent.Executors$RunnableAdapter.call(Executors.java:511) [na:1.8.0_281]
	at java.util.concurrent.FutureTask.run(FutureTask.java:266) [na:1.8.0_281]
	at java.util.concurrent.ScheduledThreadPoolExecutor$ScheduledFutureTask.access$201(ScheduledThreadPoolExecutor.java:180) [na:1.8.0_281]
	at java.util.concurrent.ScheduledThreadPoolExecutor$ScheduledFutureTask.run(ScheduledThreadPoolExecutor.java:293) [na:1.8.0_281]
	at java.util.concurrent.ThreadPoolExecutor.runWorker(ThreadPoolExecutor.java:1149) [na:1.8.0_281]
	at java.util.concurrent.ThreadPoolExecutor$Worker.run(ThreadPoolExecutor.java:624) [na:1.8.0_281]
	at java.lang.Thread.run(Thread.java:748) [na:1.8.0_281]

2022-02-02 13:01:14.944  INFO 5260 --- [AsyncResolver-bootstrap-executor-0] c.n.d.s.r.aws.ConfigClusterResolver      : Resolving eureka endpoints via configuration
2022-02-02 13:06:21.113  INFO 5260 --- [AsyncResolver-bootstrap-executor-0] c.n.d.s.r.aws.ConfigClusterResolver      : Resolving eureka endpoints via configuration
2022-02-02 13:11:28.436  INFO 5260 --- [AsyncResolver-bootstrap-executor-0] c.n.d.s.r.aws.ConfigClusterResolver      : Resolving eureka endpoints via configuration
2022-02-02 13:16:28.439  INFO 5260 --- [AsyncResolver-bootstrap-executor-0] c.n.d.s.r.aws.ConfigClusterResolver      : Resolving eureka endpoints via configuration
2022-02-02 13:21:28.506  INFO 5260 --- [AsyncResolver-bootstrap-executor-0] c.n.d.s.r.aws.ConfigClusterResolver      : Resolving eureka endpoints via configuration
2022-02-02 13:26:28.536  INFO 5260 --- [AsyncResolver-bootstrap-executor-0] c.n.d.s.r.aws.ConfigClusterResolver      : Resolving eureka endpoints via configuration
2022-02-02 13:31:28.628  INFO 5260 --- [AsyncResolver-bootstrap-executor-0] c.n.d.s.r.aws.ConfigClusterResolver      : Resolving eureka endpoints via configuration
2022-02-02 13:36:29.477  INFO 5260 --- [AsyncResolver-bootstrap-executor-0] c.n.d.s.r.aws.ConfigClusterResolver      : Resolving eureka endpoints via configuration
2022-02-02 13:41:34.561  INFO 5260 --- [AsyncResolver-bootstrap-executor-0] c.n.d.s.r.aws.ConfigClusterResolver      : Resolving eureka endpoints via configuration
2022-02-02 13:46:34.566  INFO 5260 --- [AsyncResolver-bootstrap-executor-0] c.n.d.s.r.aws.ConfigClusterResolver      : Resolving eureka endpoints via configuration
2022-02-02 13:51:35.121  INFO 5260 --- [AsyncResolver-bootstrap-executor-0] c.n.d.s.r.aws.ConfigClusterResolver      : Resolving eureka endpoints via configuration
2022-02-02 13:56:41.021  INFO 5260 --- [AsyncResolver-bootstrap-executor-0] c.n.d.s.r.aws.ConfigClusterResolver      : Resolving eureka endpoints via configuration
2022-02-02 14:01:41.395  INFO 5260 --- [AsyncResolver-bootstrap-executor-0] c.n.d.s.r.aws.ConfigClusterResolver      : Resolving eureka endpoints via configuration
2022-02-02 14:06:42.542  INFO 5260 --- [AsyncResolver-bootstrap-executor-0] c.n.d.s.r.aws.ConfigClusterResolver      : Resolving eureka endpoints via configuration
2022-02-02 14:11:42.853  INFO 5260 --- [AsyncResolver-bootstrap-executor-0] c.n.d.s.r.aws.ConfigClusterResolver      : Resolving eureka endpoints via configuration
2022-02-02 14:16:45.308  INFO 5260 --- [AsyncResolver-bootstrap-executor-0] c.n.d.s.r.aws.ConfigClusterResolver      : Resolving eureka endpoints via configuration
2022-02-02 14:21:48.919  INFO 5260 --- [AsyncResolver-bootstrap-executor-0] c.n.d.s.r.aws.ConfigClusterResolver      : Resolving eureka endpoints via configuration
2022-02-02 14:26:52.619  INFO 5260 --- [AsyncResolver-bootstrap-executor-0] c.n.d.s.r.aws.ConfigClusterResolver      : Resolving eureka endpoints via configuration
2022-02-02 14:31:56.796  INFO 5260 --- [AsyncResolver-bootstrap-executor-0] c.n.d.s.r.aws.ConfigClusterResolver      : Resolving eureka endpoints via configuration
2022-02-02 14:37:01.963  INFO 5260 --- [AsyncResolver-bootstrap-executor-0] c.n.d.s.r.aws.ConfigClusterResolver      : Resolving eureka endpoints via configuration
2022-02-02 14:42:09.586  INFO 5260 --- [AsyncResolver-bootstrap-executor-0] c.n.d.s.r.aws.ConfigClusterResolver      : Resolving eureka endpoints via configuration
2022-02-02 14:47:15.775  INFO 5260 --- [AsyncResolver-bootstrap-executor-0] c.n.d.s.r.aws.ConfigClusterResolver      : Resolving eureka endpoints via configuration
2022-02-02 14:52:25.729  INFO 5260 --- [AsyncResolver-bootstrap-executor-0] c.n.d.s.r.aws.ConfigClusterResolver      : Resolving eureka endpoints via configuration
2022-02-02 14:57:40.098  INFO 5260 --- [AsyncResolver-bootstrap-executor-0] c.n.d.s.r.aws.ConfigClusterResolver      : Resolving eureka endpoints via configuration
2022-02-02 15:02:40.170  INFO 5260 --- [AsyncResolver-bootstrap-executor-0] c.n.d.s.r.aws.ConfigClusterResolver      : Resolving eureka endpoints via configuration
2022-02-02 15:07:40.224  INFO 5260 --- [AsyncResolver-bootstrap-executor-0] c.n.d.s.r.aws.ConfigClusterResolver      : Resolving eureka endpoints via configuration
2022-02-02 15:12:40.301  INFO 5260 --- [AsyncResolver-bootstrap-executor-0] c.n.d.s.r.aws.ConfigClusterResolver      : Resolving eureka endpoints via configuration
2022-02-02 15:17:40.750  INFO 5260 --- [AsyncResolver-bootstrap-executor-0] c.n.d.s.r.aws.ConfigClusterResolver      : Resolving eureka endpoints via configuration
2022-02-02 15:22:50.738  INFO 5260 --- [AsyncResolver-bootstrap-executor-0] c.n.d.s.r.aws.ConfigClusterResolver      : Resolving eureka endpoints via configuration
2022-02-02 15:28:04.939  INFO 5260 --- [AsyncResolver-bootstrap-executor-0] c.n.d.s.r.aws.ConfigClusterResolver      : Resolving eureka endpoints via configuration
2022-02-02 15:33:05.368  INFO 5260 --- [AsyncResolver-bootstrap-executor-0] c.n.d.s.r.aws.ConfigClusterResolver      : Resolving eureka endpoints via configuration
2022-02-02 15:38:05.480  INFO 5260 --- [AsyncResolver-bootstrap-executor-0] c.n.d.s.r.aws.ConfigClusterResolver      : Resolving eureka endpoints via configuration
2022-02-02 15:43:05.483  INFO 5260 --- [AsyncResolver-bootstrap-executor-0] c.n.d.s.r.aws.ConfigClusterResolver      : Resolving eureka endpoints via configuration
2022-02-02 15:48:05.703  INFO 5260 --- [AsyncResolver-bootstrap-executor-0] c.n.d.s.r.aws.ConfigClusterResolver      : Resolving eureka endpoints via configuration
2022-02-02 15:53:05.717  INFO 5260 --- [AsyncResolver-bootstrap-executor-0] c.n.d.s.r.aws.ConfigClusterResolver      : Resolving eureka endpoints via configuration
2022-02-02 15:58:05.721  INFO 5260 --- [AsyncResolver-bootstrap-executor-0] c.n.d.s.r.aws.ConfigClusterResolver      : Resolving eureka endpoints via configuration
2022-02-02 16:03:07.457  INFO 5260 --- [AsyncResolver-bootstrap-executor-0] c.n.d.s.r.aws.ConfigClusterResolver      : Resolving eureka endpoints via configuration
2022-02-02 16:08:13.244  INFO 5260 --- [AsyncResolver-bootstrap-executor-0] c.n.d.s.r.aws.ConfigClusterResolver      : Resolving eureka endpoints via configuration
2022-02-02 16:13:13.249  INFO 5260 --- [AsyncResolver-bootstrap-executor-0] c.n.d.s.r.aws.ConfigClusterResolver      : Resolving eureka endpoints via configuration
2022-02-02 16:18:13.355  INFO 5260 --- [AsyncResolver-bootstrap-executor-0] c.n.d.s.r.aws.ConfigClusterResolver      : Resolving eureka endpoints via configuration
2022-02-02 16:23:14.633  INFO 5260 --- [AsyncResolver-bootstrap-executor-0] c.n.d.s.r.aws.ConfigClusterResolver      : Resolving eureka endpoints via configuration
2022-02-02 16:28:21.266  INFO 5260 --- [AsyncResolver-bootstrap-executor-0] c.n.d.s.r.aws.ConfigClusterResolver      : Resolving eureka endpoints via configuration
2022-02-02 16:33:22.988  INFO 5260 --- [AsyncResolver-bootstrap-executor-0] c.n.d.s.r.aws.ConfigClusterResolver      : Resolving eureka endpoints via configuration
2022-02-02 16:38:23.156  INFO 5260 --- [AsyncResolver-bootstrap-executor-0] c.n.d.s.r.aws.ConfigClusterResolver      : Resolving eureka endpoints via configuration
2022-02-02 16:43:23.465  INFO 5260 --- [AsyncResolver-bootstrap-executor-0] c.n.d.s.r.aws.ConfigClusterResolver      : Resolving eureka endpoints via configuration
2022-02-02 16:48:26.376  INFO 5260 --- [AsyncResolver-bootstrap-executor-0] c.n.d.s.r.aws.ConfigClusterResolver      : Resolving eureka endpoints via configuration
2022-02-02 16:53:29.093  INFO 5260 --- [AsyncResolver-bootstrap-executor-0] c.n.d.s.r.aws.ConfigClusterResolver      : Resolving eureka endpoints via configuration
2022-02-02 16:58:29.954  INFO 5260 --- [AsyncResolver-bootstrap-executor-0] c.n.d.s.r.aws.ConfigClusterResolver      : Resolving eureka endpoints via configuration
2022-02-02 17:03:34.108  INFO 5260 --- [AsyncResolver-bootstrap-executor-0] c.n.d.s.r.aws.ConfigClusterResolver      : Resolving eureka endpoints via configuration
2022-02-02 17:08:40.973  INFO 5260 --- [AsyncResolver-bootstrap-executor-0] c.n.d.s.r.aws.ConfigClusterResolver      : Resolving eureka endpoints via configuration
2022-02-02 17:13:41.307  INFO 5260 --- [AsyncResolver-bootstrap-executor-0] c.n.d.s.r.aws.ConfigClusterResolver      : Resolving eureka endpoints via configuration
2022-02-02 17:18:44.863  INFO 5260 --- [AsyncResolver-bootstrap-executor-0] c.n.d.s.r.aws.ConfigClusterResolver      : Resolving eureka endpoints via configuration
2022-02-02 17:23:49.656  INFO 5260 --- [AsyncResolver-bootstrap-executor-0] c.n.d.s.r.aws.ConfigClusterResolver      : Resolving eureka endpoints via configuration
2022-02-02 17:28:53.085  INFO 5260 --- [AsyncResolver-bootstrap-executor-0] c.n.d.s.r.aws.ConfigClusterResolver      : Resolving eureka endpoints via configuration
2022-02-02 17:33:57.262  INFO 5260 --- [AsyncResolver-bootstrap-executor-0] c.n.d.s.r.aws.ConfigClusterResolver      : Resolving eureka endpoints via configuration
2022-02-02 17:39:19.095  INFO 5260 --- [AsyncResolver-bootstrap-executor-0] c.n.d.s.r.aws.ConfigClusterResolver      : Resolving eureka endpoints via configuration
2022-02-02 17:39:24.827  WARN 5260 --- [DiscoveryClient-1] c.netflix.discovery.TimedSupervisorTask  : task supervisor timed out

java.util.concurrent.TimeoutException: null
	at java.util.concurrent.FutureTask.get(FutureTask.java:205) [na:1.8.0_281]
	at com.netflix.discovery.TimedSupervisorTask.run(TimedSupervisorTask.java:68) ~[eureka-client-1.10.17.jar:1.10.17]
	at java.util.concurrent.Executors$RunnableAdapter.call(Executors.java:511) [na:1.8.0_281]
	at java.util.concurrent.FutureTask.run(FutureTask.java:266) [na:1.8.0_281]
	at java.util.concurrent.ScheduledThreadPoolExecutor$ScheduledFutureTask.access$201(ScheduledThreadPoolExecutor.java:180) [na:1.8.0_281]
	at java.util.concurrent.ScheduledThreadPoolExecutor$ScheduledFutureTask.run(ScheduledThreadPoolExecutor.java:293) [na:1.8.0_281]
	at java.util.concurrent.ThreadPoolExecutor.runWorker(ThreadPoolExecutor.java:1149) [na:1.8.0_281]
	at java.util.concurrent.ThreadPoolExecutor$Worker.run(ThreadPoolExecutor.java:624) [na:1.8.0_281]
	at java.lang.Thread.run(Thread.java:748) [na:1.8.0_281]

